The system is: Linux - 2.6.32-504.23.4.el6.x86_64 - x86_64
Compiling the CXX compiler identification source file "CMakeCXXCompilerId.cpp" succeeded.
Compiler: /opt/rh/devtoolset-3/root/usr/bin/c++ 
Build flags: 
Id flags: 

The output was:
0


Compilation of the CXX compiler identification source "CMakeCXXCompilerId.cpp" produced "a.out"

The CXX compiler identification is GNU, found in "/opt/devel/flp_prototype/hackathon/Monitoring/build_dir/CMakeFiles/2.8.12.2/CompilerIdCXX/a.out"

Determining if the CXX compiler works passed with the following output:
Change Dir: /opt/devel/flp_prototype/hackathon/Monitoring/build_dir/CMakeFiles/CMakeTmp

Run Build Command:/usr/bin/gmake "cmTryCompileExec990805342/fast"
/usr/bin/gmake -f CMakeFiles/cmTryCompileExec990805342.dir/build.make CMakeFiles/cmTryCompileExec990805342.dir/build
gmake[1]: Entering directory `/opt/devel/flp_prototype/hackathon/Monitoring/build_dir/CMakeFiles/CMakeTmp'
/usr/bin/cmake -E cmake_progress_report /opt/devel/flp_prototype/hackathon/Monitoring/build_dir/CMakeFiles/CMakeTmp/CMakeFiles 1
Building CXX object CMakeFiles/cmTryCompileExec990805342.dir/testCXXCompiler.cxx.o
/opt/rh/devtoolset-3/root/usr/bin/c++     -o CMakeFiles/cmTryCompileExec990805342.dir/testCXXCompiler.cxx.o -c /opt/devel/flp_prototype/hackathon/Monitoring/build_dir/CMakeFiles/CMakeTmp/testCXXCompiler.cxx
Linking CXX executable cmTryCompileExec990805342
/usr/bin/cmake -E cmake_link_script CMakeFiles/cmTryCompileExec990805342.dir/link.txt --verbose=1
/opt/rh/devtoolset-3/root/usr/bin/c++        CMakeFiles/cmTryCompileExec990805342.dir/testCXXCompiler.cxx.o  -o cmTryCompileExec990805342 -rdynamic 
gmake[1]: Leaving directory `/opt/devel/flp_prototype/hackathon/Monitoring/build_dir/CMakeFiles/CMakeTmp'


Detecting CXX compiler ABI info compiled with the following output:
Change Dir: /opt/devel/flp_prototype/hackathon/Monitoring/build_dir/CMakeFiles/CMakeTmp

Run Build Command:/usr/bin/gmake "cmTryCompileExec3104435910/fast"
/usr/bin/gmake -f CMakeFiles/cmTryCompileExec3104435910.dir/build.make CMakeFiles/cmTryCompileExec3104435910.dir/build
gmake[1]: Entering directory `/opt/devel/flp_prototype/hackathon/Monitoring/build_dir/CMakeFiles/CMakeTmp'
/usr/bin/cmake -E cmake_progress_report /opt/devel/flp_prototype/hackathon/Monitoring/build_dir/CMakeFiles/CMakeTmp/CMakeFiles 1
Building CXX object CMakeFiles/cmTryCompileExec3104435910.dir/CMakeCXXCompilerABI.cpp.o
/opt/rh/devtoolset-3/root/usr/bin/c++     -o CMakeFiles/cmTryCompileExec3104435910.dir/CMakeCXXCompilerABI.cpp.o -c /usr/share/cmake/Modules/CMakeCXXCompilerABI.cpp
Linking CXX executable cmTryCompileExec3104435910
/usr/bin/cmake -E cmake_link_script CMakeFiles/cmTryCompileExec3104435910.dir/link.txt --verbose=1
/opt/rh/devtoolset-3/root/usr/bin/c++      -v CMakeFiles/cmTryCompileExec3104435910.dir/CMakeCXXCompilerABI.cpp.o  -o cmTryCompileExec3104435910 -rdynamic  
Using built-in specs.
COLLECT_GCC=/opt/rh/devtoolset-3/root/usr/bin/c++
COLLECT_LTO_WRAPPER=/opt/rh/devtoolset-3/root/usr/libexec/gcc/x86_64-redhat-linux/4.9.1/lto-wrapper
Target: x86_64-redhat-linux
Configured with: ../configure --prefix=/opt/rh/devtoolset-3/root/usr --mandir=/opt/rh/devtoolset-3/root/usr/share/man --infodir=/opt/rh/devtoolset-3/root/usr/share/info --with-bugurl=http://bugzilla.redhat.com/bugzilla --enable-bootstrap --enable-shared --enable-threads=posix --enable-checking=release --enable-multilib --with-system-zlib --enable-__cxa_atexit --disable-libunwind-exceptions --enable-gnu-unique-object --enable-linker-build-id --enable-languages=c,c++,fortran,lto --enable-plugin --with-linker-hash-style=gnu --enable-initfini-array --disable-libgcj --with-isl=/builddir/build/BUILD/gcc-4.9.1-20140922/obj-x86_64-redhat-linux/isl-install --with-cloog=/builddir/build/BUILD/gcc-4.9.1-20140922/obj-x86_64-redhat-linux/cloog-install --with-mpc=/builddir/build/BUILD/gcc-4.9.1-20140922/obj-x86_64-redhat-linux/mpc-install --with-tune=generic --with-arch_32=i686 --build=x86_64-redhat-linux
Thread model: posix
gcc version 4.9.1 20140922 (Red Hat 4.9.1-10) (GCC) 
COMPILER_PATH=/opt/rh/devtoolset-3/root/usr/libexec/gcc/x86_64-redhat-linux/4.9.1/:/opt/rh/devtoolset-3/root/usr/libexec/gcc/x86_64-redhat-linux/4.9.1/:/opt/rh/devtoolset-3/root/usr/libexec/gcc/x86_64-redhat-linux/:/opt/rh/devtoolset-3/root/usr/lib/gcc/x86_64-redhat-linux/4.9.1/:/opt/rh/devtoolset-3/root/usr/lib/gcc/x86_64-redhat-linux/
LIBRARY_PATH=/opt/rh/devtoolset-3/root/usr/lib/gcc/x86_64-redhat-linux/4.9.1/:/opt/rh/devtoolset-3/root/usr/lib/gcc/x86_64-redhat-linux/4.9.1/../../../../lib64/:/lib/../lib64/:/usr/lib/../lib64/:/opt/rh/devtoolset-3/root/usr/lib/gcc/x86_64-redhat-linux/4.9.1/../../../:/lib/:/usr/lib/
COLLECT_GCC_OPTIONS='-v' '-o' 'cmTryCompileExec3104435910' '-rdynamic' '-shared-libgcc' '-mtune=generic' '-march=x86-64'
 /opt/rh/devtoolset-3/root/usr/libexec/gcc/x86_64-redhat-linux/4.9.1/collect2 -plugin /opt/rh/devtoolset-3/root/usr/libexec/gcc/x86_64-redhat-linux/4.9.1/liblto_plugin.so -plugin-opt=/opt/rh/devtoolset-3/root/usr/libexec/gcc/x86_64-redhat-linux/4.9.1/lto-wrapper -plugin-opt=-fresolution=/tmp/vmcb/ccUlqwdN.res -plugin-opt=-pass-through=-lgcc_s -plugin-opt=-pass-through=-lgcc -plugin-opt=-pass-through=-lc -plugin-opt=-pass-through=-lgcc_s -plugin-opt=-pass-through=-lgcc --build-id --no-add-needed --eh-frame-hdr --hash-style=gnu -m elf_x86_64 -export-dynamic -dynamic-linker /lib64/ld-linux-x86-64.so.2 -o cmTryCompileExec3104435910 /usr/lib/../lib64/crt1.o /usr/lib/../lib64/crti.o /opt/rh/devtoolset-3/root/usr/lib/gcc/x86_64-redhat-linux/4.9.1/crtbegin.o -L/opt/rh/devtoolset-3/root/usr/lib/gcc/x86_64-redhat-linux/4.9.1 -L/opt/rh/devtoolset-3/root/usr/lib/gcc/x86_64-redhat-linux/4.9.1/../../../../lib64 -L/lib/../lib64 -L/usr/lib/../lib64 -L/opt/rh/devtoolset-3/root/usr/lib/gcc/x86_64-redhat-linux/4.9.1/../../.. CMakeFiles/cmTryCompileExec3104435910.dir/CMakeCXXCompilerABI.cpp.o -lstdc++ -lm -lgcc_s -lgcc -lc -lgcc_s -lgcc /opt/rh/devtoolset-3/root/usr/lib/gcc/x86_64-redhat-linux/4.9.1/crtend.o /usr/lib/../lib64/crtn.o
gmake[1]: Leaving directory `/opt/devel/flp_prototype/hackathon/Monitoring/build_dir/CMakeFiles/CMakeTmp'


Parsed CXX implicit link information from above output:
  link line regex: [^( *|.*[/\])(ld|([^/\]+-)?ld|collect2)[^/\]*( |$)]
  ignore line: [Change Dir: /opt/devel/flp_prototype/hackathon/Monitoring/build_dir/CMakeFiles/CMakeTmp]
  ignore line: []
  ignore line: [Run Build Command:/usr/bin/gmake "cmTryCompileExec3104435910/fast"]
  ignore line: [/usr/bin/gmake -f CMakeFiles/cmTryCompileExec3104435910.dir/build.make CMakeFiles/cmTryCompileExec3104435910.dir/build]
  ignore line: [gmake[1]: Entering directory `/opt/devel/flp_prototype/hackathon/Monitoring/build_dir/CMakeFiles/CMakeTmp']
  ignore line: [/usr/bin/cmake -E cmake_progress_report /opt/devel/flp_prototype/hackathon/Monitoring/build_dir/CMakeFiles/CMakeTmp/CMakeFiles 1]
  ignore line: [Building CXX object CMakeFiles/cmTryCompileExec3104435910.dir/CMakeCXXCompilerABI.cpp.o]
  ignore line: [/opt/rh/devtoolset-3/root/usr/bin/c++     -o CMakeFiles/cmTryCompileExec3104435910.dir/CMakeCXXCompilerABI.cpp.o -c /usr/share/cmake/Modules/CMakeCXXCompilerABI.cpp]
  ignore line: [Linking CXX executable cmTryCompileExec3104435910]
  ignore line: [/usr/bin/cmake -E cmake_link_script CMakeFiles/cmTryCompileExec3104435910.dir/link.txt --verbose=1]
  ignore line: [/opt/rh/devtoolset-3/root/usr/bin/c++      -v CMakeFiles/cmTryCompileExec3104435910.dir/CMakeCXXCompilerABI.cpp.o  -o cmTryCompileExec3104435910 -rdynamic  ]
  ignore line: [Using built-in specs.]
  ignore line: [COLLECT_GCC=/opt/rh/devtoolset-3/root/usr/bin/c++]
  ignore line: [COLLECT_LTO_WRAPPER=/opt/rh/devtoolset-3/root/usr/libexec/gcc/x86_64-redhat-linux/4.9.1/lto-wrapper]
  ignore line: [Target: x86_64-redhat-linux]
  ignore line: [Configured with: ../configure --prefix=/opt/rh/devtoolset-3/root/usr --mandir=/opt/rh/devtoolset-3/root/usr/share/man --infodir=/opt/rh/devtoolset-3/root/usr/share/info --with-bugurl=http://bugzilla.redhat.com/bugzilla --enable-bootstrap --enable-shared --enable-threads=posix --enable-checking=release --enable-multilib --with-system-zlib --enable-__cxa_atexit --disable-libunwind-exceptions --enable-gnu-unique-object --enable-linker-build-id --enable-languages=c,c++,fortran,lto --enable-plugin --with-linker-hash-style=gnu --enable-initfini-array --disable-libgcj --with-isl=/builddir/build/BUILD/gcc-4.9.1-20140922/obj-x86_64-redhat-linux/isl-install --with-cloog=/builddir/build/BUILD/gcc-4.9.1-20140922/obj-x86_64-redhat-linux/cloog-install --with-mpc=/builddir/build/BUILD/gcc-4.9.1-20140922/obj-x86_64-redhat-linux/mpc-install --with-tune=generic --with-arch_32=i686 --build=x86_64-redhat-linux]
  ignore line: [Thread model: posix]
  ignore line: [gcc version 4.9.1 20140922 (Red Hat 4.9.1-10) (GCC) ]
  ignore line: [COMPILER_PATH=/opt/rh/devtoolset-3/root/usr/libexec/gcc/x86_64-redhat-linux/4.9.1/:/opt/rh/devtoolset-3/root/usr/libexec/gcc/x86_64-redhat-linux/4.9.1/:/opt/rh/devtoolset-3/root/usr/libexec/gcc/x86_64-redhat-linux/:/opt/rh/devtoolset-3/root/usr/lib/gcc/x86_64-redhat-linux/4.9.1/:/opt/rh/devtoolset-3/root/usr/lib/gcc/x86_64-redhat-linux/]
  ignore line: [LIBRARY_PATH=/opt/rh/devtoolset-3/root/usr/lib/gcc/x86_64-redhat-linux/4.9.1/:/opt/rh/devtoolset-3/root/usr/lib/gcc/x86_64-redhat-linux/4.9.1/../../../../lib64/:/lib/../lib64/:/usr/lib/../lib64/:/opt/rh/devtoolset-3/root/usr/lib/gcc/x86_64-redhat-linux/4.9.1/../../../:/lib/:/usr/lib/]
  ignore line: [COLLECT_GCC_OPTIONS='-v' '-o' 'cmTryCompileExec3104435910' '-rdynamic' '-shared-libgcc' '-mtune=generic' '-march=x86-64']
  link line: [ /opt/rh/devtoolset-3/root/usr/libexec/gcc/x86_64-redhat-linux/4.9.1/collect2 -plugin /opt/rh/devtoolset-3/root/usr/libexec/gcc/x86_64-redhat-linux/4.9.1/liblto_plugin.so -plugin-opt=/opt/rh/devtoolset-3/root/usr/libexec/gcc/x86_64-redhat-linux/4.9.1/lto-wrapper -plugin-opt=-fresolution=/tmp/vmcb/ccUlqwdN.res -plugin-opt=-pass-through=-lgcc_s -plugin-opt=-pass-through=-lgcc -plugin-opt=-pass-through=-lc -plugin-opt=-pass-through=-lgcc_s -plugin-opt=-pass-through=-lgcc --build-id --no-add-needed --eh-frame-hdr --hash-style=gnu -m elf_x86_64 -export-dynamic -dynamic-linker /lib64/ld-linux-x86-64.so.2 -o cmTryCompileExec3104435910 /usr/lib/../lib64/crt1.o /usr/lib/../lib64/crti.o /opt/rh/devtoolset-3/root/usr/lib/gcc/x86_64-redhat-linux/4.9.1/crtbegin.o -L/opt/rh/devtoolset-3/root/usr/lib/gcc/x86_64-redhat-linux/4.9.1 -L/opt/rh/devtoolset-3/root/usr/lib/gcc/x86_64-redhat-linux/4.9.1/../../../../lib64 -L/lib/../lib64 -L/usr/lib/../lib64 -L/opt/rh/devtoolset-3/root/usr/lib/gcc/x86_64-redhat-linux/4.9.1/../../.. CMakeFiles/cmTryCompileExec3104435910.dir/CMakeCXXCompilerABI.cpp.o -lstdc++ -lm -lgcc_s -lgcc -lc -lgcc_s -lgcc /opt/rh/devtoolset-3/root/usr/lib/gcc/x86_64-redhat-linux/4.9.1/crtend.o /usr/lib/../lib64/crtn.o]
    arg [/opt/rh/devtoolset-3/root/usr/libexec/gcc/x86_64-redhat-linux/4.9.1/collect2] ==> ignore
    arg [-plugin] ==> ignore
    arg [/opt/rh/devtoolset-3/root/usr/libexec/gcc/x86_64-redhat-linux/4.9.1/liblto_plugin.so] ==> ignore
    arg [-plugin-opt=/opt/rh/devtoolset-3/root/usr/libexec/gcc/x86_64-redhat-linux/4.9.1/lto-wrapper] ==> ignore
    arg [-plugin-opt=-fresolution=/tmp/vmcb/ccUlqwdN.res] ==> ignore
    arg [-plugin-opt=-pass-through=-lgcc_s] ==> ignore
    arg [-plugin-opt=-pass-through=-lgcc] ==> ignore
    arg [-plugin-opt=-pass-through=-lc] ==> ignore
    arg [-plugin-opt=-pass-through=-lgcc_s] ==> ignore
    arg [-plugin-opt=-pass-through=-lgcc] ==> ignore
    arg [--build-id] ==> ignore
    arg [--no-add-needed] ==> ignore
    arg [--eh-frame-hdr] ==> ignore
    arg [--hash-style=gnu] ==> ignore
    arg [-m] ==> ignore
    arg [elf_x86_64] ==> ignore
    arg [-export-dynamic] ==> ignore
    arg [-dynamic-linker] ==> ignore
    arg [/lib64/ld-linux-x86-64.so.2] ==> ignore
    arg [-o] ==> ignore
    arg [cmTryCompileExec3104435910] ==> ignore
    arg [/usr/lib/../lib64/crt1.o] ==> ignore
    arg [/usr/lib/../lib64/crti.o] ==> ignore
    arg [/opt/rh/devtoolset-3/root/usr/lib/gcc/x86_64-redhat-linux/4.9.1/crtbegin.o] ==> ignore
    arg [-L/opt/rh/devtoolset-3/root/usr/lib/gcc/x86_64-redhat-linux/4.9.1] ==> dir [/opt/rh/devtoolset-3/root/usr/lib/gcc/x86_64-redhat-linux/4.9.1]
    arg [-L/opt/rh/devtoolset-3/root/usr/lib/gcc/x86_64-redhat-linux/4.9.1/../../../../lib64] ==> dir [/opt/rh/devtoolset-3/root/usr/lib/gcc/x86_64-redhat-linux/4.9.1/../../../../lib64]
    arg [-L/lib/../lib64] ==> dir [/lib/../lib64]
    arg [-L/usr/lib/../lib64] ==> dir [/usr/lib/../lib64]
    arg [-L/opt/rh/devtoolset-3/root/usr/lib/gcc/x86_64-redhat-linux/4.9.1/../../..] ==> dir [/opt/rh/devtoolset-3/root/usr/lib/gcc/x86_64-redhat-linux/4.9.1/../../..]
    arg [CMakeFiles/cmTryCompileExec3104435910.dir/CMakeCXXCompilerABI.cpp.o] ==> ignore
    arg [-lstdc++] ==> lib [stdc++]
    arg [-lm] ==> lib [m]
    arg [-lgcc_s] ==> lib [gcc_s]
    arg [-lgcc] ==> lib [gcc]
    arg [-lc] ==> lib [c]
    arg [-lgcc_s] ==> lib [gcc_s]
    arg [-lgcc] ==> lib [gcc]
    arg [/opt/rh/devtoolset-3/root/usr/lib/gcc/x86_64-redhat-linux/4.9.1/crtend.o] ==> ignore
    arg [/usr/lib/../lib64/crtn.o] ==> ignore
  remove lib [gcc_s]
  remove lib [gcc]
  remove lib [gcc_s]
  remove lib [gcc]
  collapse library dir [/opt/rh/devtoolset-3/root/usr/lib/gcc/x86_64-redhat-linux/4.9.1] ==> [/opt/rh/devtoolset-3/root/usr/lib/gcc/x86_64-redhat-linux/4.9.1]
  collapse library dir [/opt/rh/devtoolset-3/root/usr/lib/gcc/x86_64-redhat-linux/4.9.1/../../../../lib64] ==> [/opt/rh/devtoolset-3/root/usr/lib64]
  collapse library dir [/lib/../lib64] ==> [/lib64]
  collapse library dir [/usr/lib/../lib64] ==> [/usr/lib64]
  collapse library dir [/opt/rh/devtoolset-3/root/usr/lib/gcc/x86_64-redhat-linux/4.9.1/../../..] ==> [/opt/rh/devtoolset-3/root/usr/lib]
  implicit libs: [stdc++;m;c]
  implicit dirs: [/opt/rh/devtoolset-3/root/usr/lib/gcc/x86_64-redhat-linux/4.9.1;/opt/rh/devtoolset-3/root/usr/lib64;/lib64;/usr/lib64;/opt/rh/devtoolset-3/root/usr/lib]
  implicit fwks: []


Performing C++ SOURCE FILE Test COMPILER_SUPPORTS_CXX11 succeded with the following output:
Change Dir: /opt/devel/flp_prototype/hackathon/Monitoring/build_dir/CMakeFiles/CMakeTmp

Run Build Command:/usr/bin/gmake "cmTryCompileExec982402654/fast"
/usr/bin/gmake -f CMakeFiles/cmTryCompileExec982402654.dir/build.make CMakeFiles/cmTryCompileExec982402654.dir/build
gmake[1]: Entering directory `/opt/devel/flp_prototype/hackathon/Monitoring/build_dir/CMakeFiles/CMakeTmp'
/usr/bin/cmake -E cmake_progress_report /opt/devel/flp_prototype/hackathon/Monitoring/build_dir/CMakeFiles/CMakeTmp/CMakeFiles 1
Building CXX object CMakeFiles/cmTryCompileExec982402654.dir/src.cxx.o
/opt/rh/devtoolset-3/root/usr/bin/c++    -DCOMPILER_SUPPORTS_CXX11   -std=c++11 -o CMakeFiles/cmTryCompileExec982402654.dir/src.cxx.o -c /opt/devel/flp_prototype/hackathon/Monitoring/build_dir/CMakeFiles/CMakeTmp/src.cxx
Linking CXX executable cmTryCompileExec982402654
/usr/bin/cmake -E cmake_link_script CMakeFiles/cmTryCompileExec982402654.dir/link.txt --verbose=1
/opt/rh/devtoolset-3/root/usr/bin/c++    -DCOMPILER_SUPPORTS_CXX11    CMakeFiles/cmTryCompileExec982402654.dir/src.cxx.o  -o cmTryCompileExec982402654 -rdynamic 
gmake[1]: Leaving directory `/opt/devel/flp_prototype/hackathon/Monitoring/build_dir/CMakeFiles/CMakeTmp'

Source file was:
int main() { return 0;}
